[2025-08-07 22:33:42] [INFO    ] discord.client: logging in using static token
[2025-08-07 22:33:42] [DEBUG   ] discord.http: GET https://discord.com/api/v10/users/@me with None has returned 200
[2025-08-07 22:33:42] [DEBUG   ] discord.http: GET /users/@me has found its initial rate limit bucket hash (78bb8553d9352a5a2f89f9def401287a).
[2025-08-07 22:33:42] [DEBUG   ] discord.http: GET https://discord.com/api/v10/users/@me has received {'id': '1401993499187871774', 'username': 'Test Schedule Bot', 'avatar': None, 'discriminator': '7242', 'public_flags': 0, 'flags': 0, 'bot': True, 'banner': None, 'accent_color': None, 'global_name': None, 'avatar_decoration_data': None, 'collectibles': None, 'display_name_styles': None, 'banner_color': None, 'clan': None, 'primary_guild': None, 'mfa_enabled': False, 'locale': 'en-US', 'premium_type': 0, 'email': None, 'verified': True, 'bio': ''}
[2025-08-07 22:33:42] [DEBUG   ] discord.http: GET https://discord.com/api/v10/oauth2/applications/@me with None has returned 200
[2025-08-07 22:33:42] [DEBUG   ] discord.http: GET /oauth2/applications/@me has found its initial rate limit bucket hash (d28a133af187e91d71d96a223467ce49).
[2025-08-07 22:33:42] [DEBUG   ] discord.http: GET https://discord.com/api/v10/oauth2/applications/@me has received {'id': '1401993499187871774', 'name': 'Test Schedule Bot', 'icon': None, 'description': '', 'type': None, 'bot': {'id': '1401993499187871774', 'username': 'Test Schedule Bot', 'avatar': None, 'discriminator': '7242', 'public_flags': 0, 'flags': 0, 'bot': True, 'banner': None, 'accent_color': None, 'global_name': None, 'avatar_decoration_data': None, 'collectibles': None, 'display_name_styles': None, 'banner_color': None, 'clan': None, 'primary_guild': None}, 'summary': '', 'is_monetized': False, 'is_verified': False, 'is_discoverable': False, 'bot_public': True, 'bot_require_code_grant': False, 'install_params': {'scopes': ['applications.commands'], 'permissions': '0'}, 'integration_types_config': {'0': {'oauth2_install_params': {'scopes': ['applications.commands'], 'permissions': '0'}}, '1': {'oauth2_install_params': {'scopes': ['applications.commands'], 'permissions': '0'}}}, 'verify_key': 'f29423642cec4825b290fce762a39fc34f9d53d4621335467776c26ca05dea33', 'flags': 557056, 'hook': True, 'storefront_available': False, 'redirect_uris': [], 'interactions_endpoint_url': None, 'role_connections_verification_url': None, 'owner': {'id': '1065231799606849587', 'username': 'dunkash', 'avatar': '76931f412c9ada663019af746f6df16c', 'discriminator': '0', 'public_flags': 0, 'flags': 0, 'banner': None, 'accent_color': None, 'global_name': 'Dunkash', 'avatar_decoration_data': None, 'collectibles': None, 'display_name_styles': None, 'banner_color': None, 'clan': None, 'primary_guild': None}, 'approximate_guild_count': 1, 'approximate_user_install_count': 0, 'approximate_user_authorization_count': 0, 'interactions_event_types': [], 'interactions_version': 1, 'explicit_content_filter': 0, 'rpc_application_state': 0, 'store_application_state': 1, 'verification_state': 1, 'integration_public': True, 'integration_require_code_grant': False, 'discoverability_state': 1, 'discovery_eligibility_flags': 224, 'monetization_state': 1, 'verification_eligibility_flags': 91036, 'monetization_eligibility_flags': 181988, 'team': None, 'internal_guild_restriction': 2, 'approved_consoles': []}
[2025-08-07 22:33:43] [DEBUG   ] discord.gateway: Created websocket connected to wss://gateway.discord.gg/
[2025-08-07 22:33:43] [DEBUG   ] discord.gateway: For Shard ID None: WebSocket Event: {'t': None, 's': None, 'op': 10, 'd': {'heartbeat_interval': 41250, '_trace': ['["gateway-prd-arm-us-east1-c-gl5l",{"micros":0.0}]']}}
[2025-08-07 22:33:43] [DEBUG   ] discord.gateway: Shard ID None has sent the IDENTIFY payload.
[2025-08-07 22:33:43] [DEBUG   ] discord.gateway: For Shard ID None: WebSocket Event: {'t': None, 's': None, 'op': 11, 'd': None}
[2025-08-07 22:33:43] [DEBUG   ] discord.gateway: For Shard ID None: WebSocket Event: {'t': 'READY', 's': 1, 'op': 0, 'd': {'v': 10, 'user_settings': {}, 'user': {'verified': True, 'username': 'Test Schedule Bot', 'primary_guild': None, 'mfa_enabled': False, 'id': '1401993499187871774', 'global_name': None, 'flags': 0, 'email': None, 'discriminator': '7242', 'clan': None, 'bot': True, 'avatar': None}, 'session_type': 'normal', 'session_id': '72947f0b06bb06e6a50bb7739d61c5a7', 'resume_gateway_url': 'wss://gateway-us-east1-c.discord.gg', 'relationships': [], 'private_channels': [], 'presences': [], 'guilds': [{'unavailable': True, 'id': '1401995506103750767'}], 'guild_join_requests': [], 'geo_ordered_rtc_regions': ['finland', 'stockholm', 'warsaw', 'frankfurt', 'frankfurt-two'], 'game_relationships': [], 'auth': {}, 'application': {'id': '1401993499187871774', 'flags': 557056}, '_trace': ['["gateway-prd-arm-us-east1-c-gl5l",{"micros":87066,"calls":["id_created",{"micros":637,"calls":[]},"session_lookup_time",{"micros":1090,"calls":[]},"session_lookup_finished",{"micros":10,"calls":[]},"discord-sessions-prd-2-65",{"micros":84323,"calls":["start_session",{"micros":59766,"calls":["discord-api-rpc-799cc68bf6-tgl2q",{"micros":46436,"calls":["get_user",{"micros":4628},"get_guilds",{"micros":3024},"send_scheduled_deletion_message",{"micros":11},"guild_join_requests",{"micros":1378},"authorized_ip_coro",{"micros":8},"pending_payments",{"micros":6540},"apex_experiments",{"micros":2035},"user_activities",{"micros":3},"played_application_ids",{"micros":1}]}]},"starting_guild_connect",{"micros":52,"calls":[]},"presence_started",{"micros":3217,"calls":[]},"guilds_started",{"micros":48,"calls":[]},"lobbies_started",{"micros":1,"calls":[]},"guilds_connect",{"micros":1,"calls":[]},"presence_connect",{"micros":21220,"calls":[]},"connect_finished",{"micros":21224,"calls":[]},"build_ready",{"micros":13,"calls":[]},"clean_ready",{"micros":0,"calls":[]},"optimize_ready",{"micros":1,"calls":[]},"split_ready",{"micros":0,"calls":[]}]}]}]']}}
[2025-08-07 22:33:43] [DEBUG   ] discord.client: Dispatching event socket_event_type
[2025-08-07 22:33:43] [INFO    ] discord.gateway: Shard ID None has connected to Gateway (Session ID: 72947f0b06bb06e6a50bb7739d61c5a7).
[2025-08-07 22:33:43] [DEBUG   ] discord.client: Dispatching event connect
[2025-08-07 22:33:43] [DEBUG   ] discord.gateway: For Shard ID None: WebSocket Event: {'t': 'GUILD_CREATE', 's': 2, 'op': 0, 'd': {'region': 'deprecated', 'max_stage_video_channel_users': 50, 'guild_scheduled_events': [], 'max_video_channel_users': 25, 'unavailable': False, 'embedded_activities': [], 'voice_states': [], 'profile': None, 'mfa_level': 0, 'premium_progress_bar_enabled': False, 'max_members': 25000000, 'safety_alerts_channel_id': None, 'premium_tier': 0, 'stickers': [], 'moderator_reporting': None, 'id': '1401995506103750767', 'roles': [{'version': 1754332176546, 'unicode_emoji': None, 'tags': {}, 'position': 0, 'permissions': '2248473465835073', 'name': '@everyone', 'mentionable': False, 'managed': False, 'id': '1401995506103750767', 'icon': None, 'hoist': False, 'flags': 0, 'colors': {'tertiary_color': None, 'secondary_color': None, 'primary_color': 0}, 'color': 0}, {'version': 1754593817252, 'unicode_emoji': None, 'tags': {'bot_id': '1401993499187871774'}, 'position': 2, 'permissions': '563259191266368', 'name': 'Test Schedule Bot', 'mentionable': False, 'managed': True, 'id': '1402352873177878623', 'icon': None, 'hoist': False, 'flags': 0, 'colors': {'tertiary_color': None, 'secondary_color': None, 'primary_color': 0}, 'color': 0}, {'version': 1754593820387, 'unicode_emoji': None, 'tags': {}, 'position': 1, 'permissions': '0', 'name': 'barotrauma', 'mentionable': False, 'managed': False, 'id': '1403092780703809597', 'icon': None, 'hoist': False, 'flags': 0, 'colors': {'tertiary_color': None, 'secondary_color': None, 'primary_color': 3066993}, 'color': 3066993}], 'name': '–°–µ—Ä–≤–µ—Ä Dunkash', 'premium_features': None, 'members': [{'user': {'username': 'Test Schedule Bot', 'public_flags': 0, 'primary_guild': None, 'id': '1401993499187871774', 'global_name': None, 'display_name_styles': None, 'display_name': None, 'discriminator': '7242', 'collectibles': None, 'bot': True, 'avatar_decoration_data': None, 'avatar': None}, 'roles': ['1402352873177878623'], 'premium_since': None, 'pending': False, 'nick': None, 'mute': False, 'joined_at': '2025-08-05T18:09:39.505000+00:00', 'flags': 0, 'deaf': False, 'communication_disabled_until': None, 'banner': None, 'avatar': None}], 'nsfw_level': 0, 'explicit_content_filter': 0, 'threads': [], 'vanity_url_code': None, 'premium_subscription_count': 0, 'owner_configured_content_level': 0, 'nsfw': False, 'emojis': [], 'application_id': None, 'preferred_locale': 'en-US', 'stage_instances': [], 'incidents_data': None, 'system_channel_id': '1401995506103750770', 'home_header': None, 'description': None, 'owner_id': '1065231799606849587', 'discovery_splash': None, 'public_updates_channel_id': None, 'large': False, 'lazy': True, 'system_channel_flags': 0, 'afk_timeout': 300, 'joined_at': '2025-08-05T18:09:39.505000+00:00', 'soundboard_sounds': [], 'application_command_counts': {}, 'default_message_notifications': 0, 'rules_channel_id': None, 'verification_level': 0, 'activity_instances': [], 'features': [], 'channels': [{'version': 1754332176548, 'type': 4, 'position': 0, 'permission_overwrites': [], 'name': '–¢–µ–∫—Å—Ç–æ–≤—ã–µ –∫–∞–Ω–∞–ª—ã', 'id': '1401995506103750768', 'flags': 0}, {'version': 1754332176555, 'type': 4, 'position': 0, 'permission_overwrites': [], 'name': '–ì–æ–ª–æ—Å–æ–≤—ã–µ –∫–∞–Ω–∞–ª—ã', 'id': '1401995506103750769', 'flags': 0}, {'version': 1754332176562, 'type': 0, 'topic': None, 'rate_limit_per_user': 0, 'position': 0, 'permission_overwrites': [], 'parent_id': '1401995506103750768', 'name': '–æ—Å–Ω–æ–≤–Ω–æ–π', 'last_message_id': '1403098623381868759', 'id': '1401995506103750770', 'icon_emoji': {'name': 'üëã', 'id': None}, 'flags': 0}, {'version': 1754332176566, 'user_limit': 0, 'type': 2, 'rtc_region': None, 'rate_limit_per_user': 0, 'position': 0, 'permission_overwrites': [], 'parent_id': '1401995506103750769', 'name': '–û—Å–Ω–æ–≤–Ω–æ–π', 'last_message_id': None, 'id': '1401995506103750771', 'icon_emoji': {'name': 'üéô', 'id': None}, 'flags': 0, 'bitrate': 64000}], 'member_count': 2, 'latest_onboarding_question_id': None, 'icon': None, 'presences': [], 'hub_type': None, 'inventory_settings': None, 'version': 1754414337095, 'afk_channel_id': None, 'splash': None, 'banner': None}}
[2025-08-07 22:33:43] [DEBUG   ] discord.client: Dispatching event socket_event_type
[2025-08-07 22:33:43] [DEBUG   ] discord.gateway: For Shard ID None: WebSocket Event: {'t': 'GUILD_MEMBERS_CHUNK', 's': 3, 'op': 0, 'd': {'nonce': '82c32f9fcf5dc7694ff4b2e6736b8ee5', 'members': [{'user': {'username': 'dunkash', 'public_flags': 0, 'primary_guild': None, 'id': '1065231799606849587', 'global_name': 'Dunkash', 'display_name_styles': None, 'display_name': 'Dunkash', 'discriminator': '0', 'collectibles': None, 'bot': False, 'avatar_decoration_data': None, 'avatar': '76931f412c9ada663019af746f6df16c'}, 'roles': ['1403092780703809597'], 'premium_since': None, 'pending': False, 'nick': None, 'mute': False, 'joined_at': '2025-08-04T18:29:36.499000+00:00', 'flags': 0, 'deaf': False, 'communication_disabled_until': None, 'banner': None, 'avatar': None}, {'user': {'username': 'Test Schedule Bot', 'public_flags': 0, 'primary_guild': None, 'id': '1401993499187871774', 'global_name': None, 'display_name_styles': None, 'display_name': None, 'discriminator': '7242', 'collectibles': None, 'bot': True, 'avatar_decoration_data': None, 'avatar': None}, 'roles': ['1402352873177878623'], 'premium_since': None, 'pending': False, 'nick': None, 'mute': False, 'joined_at': '2025-08-05T18:09:39.505000+00:00', 'flags': 0, 'deaf': False, 'communication_disabled_until': None, 'banner': None, 'avatar': None}], 'guild_id': '1401995506103750767', 'chunk_index': 0, 'chunk_count': 1}}
[2025-08-07 22:33:43] [DEBUG   ] discord.client: Dispatching event socket_event_type
[2025-08-07 22:33:43] [DEBUG   ] discord.state: Processed a chunk for 2 members in guild ID 1401995506103750767.
[2025-08-07 22:33:45] [DEBUG   ] discord.client: Dispatching event guild_available
[2025-08-07 22:33:45] [DEBUG   ] discord.client: Dispatching event ready
[2025-08-07 22:33:49] [DEBUG   ] discord.gateway: For Shard ID None: WebSocket Event: {'t': 'MESSAGE_CREATE', 's': 4, 'op': 0, 'd': {'type': 0, 'tts': False, 'timestamp': '2025-08-07T19:33:49.833000+00:00', 'pinned': False, 'nonce': '1403098830303395840', 'mentions': [], 'mention_roles': [], 'mention_everyone': False, 'member': {'roles': ['1403092780703809597'], 'premium_since': None, 'pending': False, 'nick': None, 'mute': False, 'joined_at': '2025-08-04T18:29:36.499000+00:00', 'flags': 0, 'deaf': False, 'communication_disabled_until': None, 'banner': None, 'avatar': None}, 'id': '1403098831868006470', 'flags': 0, 'embeds': [], 'edited_timestamp': None, 'content': '!schedule barotrauma', 'components': [], 'channel_type': 0, 'channel_id': '1401995506103750770', 'author': {'username': 'dunkash', 'public_flags': 0, 'primary_guild': None, 'id': '1065231799606849587', 'global_name': 'Dunkash', 'display_name_styles': None, 'discriminator': '0', 'collectibles': None, 'clan': None, 'avatar_decoration_data': None, 'avatar': '76931f412c9ada663019af746f6df16c'}, 'attachments': [], 'guild_id': '1401995506103750767'}}
[2025-08-07 22:33:49] [DEBUG   ] discord.client: Dispatching event socket_event_type
[2025-08-07 22:33:49] [DEBUG   ] discord.client: Dispatching event message
[2025-08-07 22:33:49] [DEBUG   ] discord.client: Dispatching event command
[2025-08-07 22:33:49] [DEBUG   ] discord.client: Dispatching event command_error
[2025-08-07 22:33:49] [ERROR   ] discord.ext.commands.bot: Ignoring exception in command schedule
Traceback (most recent call last):
  File "C:\Users\Lenovo\AppData\Local\Programs\Python\Python313\Lib\site-packages\discord\ext\commands\core.py", line 235, in wrapped
    ret = await coro(*args, **kwargs)
          ^^^^^^^^^^^^^^^^^^^^^^^^^^^
  File "c:\Users\Lenovo\Desktop\Discord Bot\main.py", line 33, in schedule
    role = next((lambda x: x.name==quest,ctx.guild.roles),None)
TypeError: 'tuple' object is not an iterator

The above exception was the direct cause of the following exception:

Traceback (most recent call last):
  File "C:\Users\Lenovo\AppData\Local\Programs\Python\Python313\Lib\site-packages\discord\ext\commands\bot.py", line 1366, in invoke
    await ctx.command.invoke(ctx)
  File "C:\Users\Lenovo\AppData\Local\Programs\Python\Python313\Lib\site-packages\discord\ext\commands\core.py", line 1029, in invoke
    await injected(*ctx.args, **ctx.kwargs)  # type: ignore
    ^^^^^^^^^^^^^^^^^^^^^^^^^^^^^^^^^^^^^^^
  File "C:\Users\Lenovo\AppData\Local\Programs\Python\Python313\Lib\site-packages\discord\ext\commands\core.py", line 244, in wrapped
    raise CommandInvokeError(exc) from exc
discord.ext.commands.errors.CommandInvokeError: Command raised an exception: TypeError: 'tuple' object is not an iterator
[2025-08-07 22:33:59] [DEBUG   ] discord.gateway: For Shard ID None: WebSocket Event: {'t': 'MESSAGE_UPDATE', 's': 5, 'op': 0, 'd': {'type': 0, 'tts': False, 'timestamp': '2025-08-07T18:33:57.289000+00:00', 'position': 0, 'poll': {'results': {'is_finalized': True, 'answer_counts': [{'me_voted': False, 'id': 1, 'count': 1}, {'me_voted': False, 'id': 2, 'count': 1}, {'me_voted': False, 'id': 3, 'count': 0}]}, 'question': {'text': '–ö–æ–≥–¥–∞ –≤—Å—Ç—Ä–µ—á–∞–µ–º—Å—è?'}, 'layout_type': 1, 'expiry': '2025-08-07T19:33:57.283184+00:00', 'answers': [{'poll_media': {'text': 'A'}, 'answer_id': 1}, {'poll_media': {'text': 'B'}, 'answer_id': 2}, {'poll_media': {'text': 'C'}, 'answer_id': 3}], 'allow_multiselect': True}, 'pinned': False, 'mentions': [], 'mention_roles': [], 'mention_everyone': False, 'member': {'roles': ['1402352873177878623'], 'premium_since': None, 'pending': False, 'nick': None, 'mute': False, 'joined_at': '2025-08-05T18:09:39.505000+00:00', 'flags': 0, 'deaf': False, 'communication_disabled_until': None, 'banner': None, 'avatar': None}, 'id': '1403083763646468269', 'flags': 0, 'embeds': [], 'edited_timestamp': None, 'content': 'Hello World', 'components': [], 'channel_type': 0, 'channel_id': '1401995506103750770', 'author': {'username': 'Test Schedule Bot', 'public_flags': 0, 'primary_guild': None, 'id': '1401993499187871774', 'global_name': None, 'display_name_styles': None, 'discriminator': '7242', 'collectibles': None, 'clan': None, 'bot': True, 'avatar_decoration_data': None, 'avatar': None}, 'attachments': [], 'guild_id': '1401995506103750767'}}
[2025-08-07 22:33:59] [DEBUG   ] discord.client: Dispatching event socket_event_type
[2025-08-07 22:33:59] [DEBUG   ] discord.client: Dispatching event raw_message_edit
[2025-08-07 22:33:59] [DEBUG   ] discord.gateway: For Shard ID None: WebSocket Event: {'t': 'MESSAGE_CREATE', 's': 6, 'op': 0, 'd': {'type': 46, 'tts': False, 'timestamp': '2025-08-07T19:33:59.877000+00:00', 'pinned': False, 'message_reference': {'type': 0, 'message_id': '1403083763646468269', 'channel_id': '1401995506103750770'}, 'mentions': [{'username': 'Test Schedule Bot', 'public_flags': 0, 'primary_guild': None, 'member': {'roles': ['1402352873177878623'], 'premium_since': None, 'pending': False, 'nick': None, 'mute': False, 'joined_at': '2025-08-05T18:09:39.505000+00:00', 'flags': 0, 'deaf': False, 'communication_disabled_until': None, 'banner': None, 'avatar': None}, 'id': '1401993499187871774', 'global_name': None, 'display_name_styles': None, 'discriminator': '7242', 'collectibles': None, 'clan': None, 'bot': True, 'avatar_decoration_data': None, 'avatar': None}], 'mention_roles': [], 'mention_everyone': False, 'member': {'roles': ['1402352873177878623'], 'premium_since': None, 'pending': False, 'nick': None, 'mute': False, 'joined_at': '2025-08-05T18:09:39.505000+00:00', 'flags': 0, 'deaf': False, 'communication_disabled_until': None, 'banner': None, 'avatar': None}, 'id': '1403098873995722923', 'flags': 0, 'embeds': [{'type': 'poll_result', 'id': '1403098873995722924', 'fields': [{'value': '–ö–æ–≥–¥–∞ –≤—Å—Ç—Ä–µ—á–∞–µ–º—Å—è?', 'name': 'poll_question_text', 'inline': False}, {'value': '1', 'name': 'victor_answer_votes', 'inline': False}, {'value': '2', 'name': 'total_votes', 'inline': False}], 'content_scan_version': 0}], 'edited_timestamp': None, 'content': '', 'components': [], 'channel_type': 0, 'channel_id': '1401995506103750770', 'author': {'username': 'Test Schedule Bot', 'public_flags': 0, 'primary_guild': None, 'id': '1401993499187871774', 'global_name': None, 'display_name_styles': None, 'discriminator': '7242', 'collectibles': None, 'clan': None, 'bot': True, 'avatar_decoration_data': None, 'avatar': None}, 'attachments': [], 'guild_id': '1401995506103750767'}}
[2025-08-07 22:33:59] [DEBUG   ] discord.client: Dispatching event socket_event_type
[2025-08-07 22:33:59] [DEBUG   ] discord.client: Dispatching event message
[2025-08-07 22:34:24] [DEBUG   ] discord.gateway: Keeping shard ID None websocket alive with sequence 6.
[2025-08-07 22:34:24] [DEBUG   ] discord.gateway: For Shard ID None: WebSocket Event: {'t': None, 's': None, 'op': 11, 'd': None}
[2025-08-07 22:35:05] [DEBUG   ] discord.gateway: Keeping shard ID None websocket alive with sequence 6.
[2025-08-07 22:35:06] [DEBUG   ] discord.gateway: For Shard ID None: WebSocket Event: {'t': None, 's': None, 'op': 11, 'd': None}
[2025-08-07 22:35:47] [DEBUG   ] discord.gateway: Keeping shard ID None websocket alive with sequence 6.
[2025-08-07 22:35:47] [DEBUG   ] discord.gateway: For Shard ID None: WebSocket Event: {'t': None, 's': None, 'op': 11, 'd': None}
[2025-08-07 22:36:28] [DEBUG   ] discord.gateway: Keeping shard ID None websocket alive with sequence 6.
[2025-08-07 22:36:28] [DEBUG   ] discord.gateway: For Shard ID None: WebSocket Event: {'t': None, 's': None, 'op': 11, 'd': None}
